2019-08-26 19:12:55,716|   DEBUG|author_disambiguation|            __init__: AuthorDisambiguation initialized with arguments:
2019-08-26 19:12:55,716|   DEBUG|author_disambiguation|            __init__: 	compare_args=['company_corpus', 'department_corpus', 'threshold', 'str_algorithm']
2019-08-26 19:12:55,716|   DEBUG|author_disambiguation|            __init__: 	algorithm=jaro
2019-08-26 19:12:55,717|   DEBUG|author_disambiguation|            __init__: 	measure=similarity
2019-08-26 19:12:55,717|   DEBUG|author_disambiguation|            __init__: 	threshold=0.75
2019-08-26 19:12:55,717|   DEBUG|author_disambiguation|            __init__: 	name_similarity_cutoff=0.9
2019-08-26 19:12:55,717|   DEBUG|author_disambiguation|            __init__: 	unique authors=15377
2019-08-26 19:12:55,718|   DEBUG|author_disambiguation|            __init__: 	compare_cutoff=3
2019-08-26 19:12:55,718|   DEBUG|author_disambiguation|            __init__: 	tie_breaker=max
2019-08-26 19:12:55,718|   DEBUG|author_disambiguation|            __init__: 	sim_overrides=False
2019-08-26 19:12:55,718|   DEBUG|author_disambiguation|            __init__: 	same_paper_diff_people=True
2019-08-26 19:12:55,719|   DEBUG|author_disambiguation|            __init__: 	use_probabilities=False
2019-08-26 19:12:55,719|   DEBUG|author_disambiguation|            __call__: __call__ called with arguments: 
2019-08-26 19:12:55,719|   DEBUG|author_disambiguation|            __call__: 	len(target_authors)=2
2019-08-26 19:12:55,719|   DEBUG|author_disambiguation|            __call__: 	len(override_authors)=2
2019-08-26 19:12:55,720|    INFO|author_disambiguation|            __call__: Starting Disambiguation
2019-08-26 19:12:55,720|   DEBUG|author_disambiguation| _errorCheckCallArgs: Checking target_authors and override_authors for errors
2019-08-26 19:12:55,720|   DEBUG|author_disambiguation| _errorCheckCallArgs: yang-liu-ict is not in override_authors, adding to need_authors
2019-08-26 19:12:55,720|   DEBUG|author_disambiguation| _errorCheckCallArgs: yang-liu-icsi is not in override_authors, adding to need_authors
2019-08-26 19:12:55,721|   ERROR|author_disambiguation| _errorCheckCallArgs: yang-liu-ict1 is in override_authors and not in target_authors
NoneType: None
2019-08-26 19:13:48,689|   DEBUG|author_disambiguation|            __init__: AuthorDisambiguation initialized with arguments:
2019-08-26 19:13:48,690|   DEBUG|author_disambiguation|            __init__: 	compare_args=['company_corpus', 'department_corpus', 'threshold', 'str_algorithm']
2019-08-26 19:13:48,690|   DEBUG|author_disambiguation|            __init__: 	algorithm=jaro
2019-08-26 19:13:48,690|   DEBUG|author_disambiguation|            __init__: 	measure=similarity
2019-08-26 19:13:48,690|   DEBUG|author_disambiguation|            __init__: 	threshold=0.75
2019-08-26 19:13:48,691|   DEBUG|author_disambiguation|            __init__: 	name_similarity_cutoff=0.9
2019-08-26 19:13:48,691|   DEBUG|author_disambiguation|            __init__: 	unique authors=15377
2019-08-26 19:13:48,691|   DEBUG|author_disambiguation|            __init__: 	compare_cutoff=3
2019-08-26 19:13:48,691|   DEBUG|author_disambiguation|            __init__: 	tie_breaker=max
2019-08-26 19:13:48,692|   DEBUG|author_disambiguation|            __init__: 	sim_overrides=False
2019-08-26 19:13:48,692|   DEBUG|author_disambiguation|            __init__: 	same_paper_diff_people=True
2019-08-26 19:13:48,692|   DEBUG|author_disambiguation|            __init__: 	use_probabilities=False
2019-08-26 19:13:48,692|   DEBUG|author_disambiguation|            __call__: __call__ called with arguments: 
2019-08-26 19:13:48,693|   DEBUG|author_disambiguation|            __call__: 	len(target_authors)=2
2019-08-26 19:13:48,693|   DEBUG|author_disambiguation|            __call__: 	len(override_authors)=2
2019-08-26 19:13:48,693|    INFO|author_disambiguation|            __call__: Starting Disambiguation
2019-08-26 19:13:48,693|   DEBUG|author_disambiguation| _errorCheckCallArgs: Checking target_authors and override_authors for errors
2019-08-26 19:13:48,694|   DEBUG|author_disambiguation| _errorCheckCallArgs: yang-liu-ict1 is in override_authors, adding to has_authors
2019-08-26 19:13:48,694|   DEBUG|author_disambiguation| _errorCheckCallArgs: yang-liu-icsi1 is in override_authors, adding to has_authors
2019-08-26 19:13:48,695|   DEBUG|author_disambiguation|            __call__: 0 authors had no similar authors
2019-08-26 19:13:48,695|    INFO|author_disambiguation| _makeAmbiguousPairs: Creating pairs for ambiguous authors
2019-08-26 19:13:48,695|    INFO|author_disambiguation|     _getAuthorInfos: Getting author info for specified authors
2019-08-26 19:13:48,696|   DEBUG|author_disambiguation|     _getAuthorInfos: authors=['yang-liu-ict', 'yang-li', 'yang-liu-edinburgh', 'yang-liu-georgetown', 'yang-liu-icsi', 'yang-liu']
2019-08-26 19:13:48,711|   DEBUG|author_disambiguation|     _getAuthorInfos: len(out)=62
2019-08-26 19:13:48,712|   DEBUG|author_disambiguation|     _getAuthorInfos: error_authors=0
2019-08-26 19:13:48,712|   DEBUG|author_disambiguation|     _getAuthorInfos: error_papers=0
2019-08-26 19:13:48,712|   DEBUG|author_disambiguation| _makeAmbiguousPairs: 62 known papers
2019-08-26 19:13:48,713|   DEBUG|author_disambiguation| _makeAmbiguousPairs: 2 ambiguous author ids
2019-08-26 19:13:48,713|    INFO|author_disambiguation| _makeAmbiguousPairs: Creating pairs for yang-liu-ict1
2019-08-26 19:13:48,714|   DEBUG|author_disambiguation| _makeAmbiguousPairs: yang-liu-ict1 has 13 papers
2019-08-26 19:13:48,714|   DEBUG|author_disambiguation| _makeAmbiguousPairs: yang-liu-ict1 has 62 to check against
2019-08-26 19:13:48,714|   DEBUG|author_disambiguation| _makeAmbiguousPairs: yang-liu-ict1 has 124 total possible pairs
2019-08-26 19:13:48,715|   DEBUG|author_disambiguation|          _makePairs: Making 62 pairs
2019-08-26 19:13:48,718|   DEBUG|author_disambiguation|          _makePairs: len(excluded)=0
2019-08-26 19:13:48,718|   DEBUG|author_disambiguation|          _makePairs: len(out)=62
2019-08-26 19:13:48,718|   DEBUG|author_disambiguation| _makeAmbiguousPairs: D17-1207 yang-liu-ict1 has 62 pairs
2019-08-26 19:13:48,718|   DEBUG|author_disambiguation| _makeAmbiguousPairs: D17-1207 yang-liu-ict1 has 0 excluded
2019-08-26 19:13:48,719|   DEBUG|author_disambiguation|          _makePairs: Making 62 pairs
2019-08-26 19:13:48,722|   DEBUG|author_disambiguation|          _makePairs: len(excluded)=0
2019-08-26 19:13:48,722|   DEBUG|author_disambiguation|          _makePairs: len(out)=62
2019-08-26 19:13:48,722|   DEBUG|author_disambiguation| _makeAmbiguousPairs: D15-1210 yang-liu-ict1 has 62 pairs
2019-08-26 19:13:48,722|   DEBUG|author_disambiguation| _makeAmbiguousPairs: D15-1210 yang-liu-ict1 has 0 excluded
2019-08-26 19:13:48,723|   DEBUG|author_disambiguation|          _makePairs: Making 62 pairs
2019-08-26 19:13:48,725|   DEBUG|author_disambiguation|          _makePairs: len(excluded)=0
2019-08-26 19:13:48,725|   DEBUG|author_disambiguation|          _makePairs: len(out)=62
2019-08-26 19:13:48,725|   DEBUG|author_disambiguation| _makeAmbiguousPairs: P16-1159 yang-liu-ict1 has 62 pairs
2019-08-26 19:13:48,726|   DEBUG|author_disambiguation| _makeAmbiguousPairs: P16-1159 yang-liu-ict1 has 0 excluded
2019-08-26 19:13:48,726|   DEBUG|author_disambiguation|          _makePairs: Making 62 pairs
2019-08-26 19:13:48,728|   DEBUG|author_disambiguation|          _makePairs: len(excluded)=0
2019-08-26 19:13:48,728|   DEBUG|author_disambiguation|          _makePairs: len(out)=62
2019-08-26 19:13:48,729|   DEBUG|author_disambiguation| _makeAmbiguousPairs: P17-1106 yang-liu-ict1 has 62 pairs
2019-08-26 19:13:48,729|   DEBUG|author_disambiguation| _makeAmbiguousPairs: P17-1106 yang-liu-ict1 has 0 excluded
2019-08-26 19:13:48,729|   DEBUG|author_disambiguation|          _makePairs: Making 62 pairs
2019-08-26 19:13:48,732|   DEBUG|author_disambiguation|          _makePairs: len(excluded)=0
2019-08-26 19:13:48,732|   DEBUG|author_disambiguation|          _makePairs: len(out)=62
2019-08-26 19:13:48,732|   DEBUG|author_disambiguation| _makeAmbiguousPairs: C10-2059 yang-liu-ict1 has 62 pairs
2019-08-26 19:13:48,732|   DEBUG|author_disambiguation| _makeAmbiguousPairs: C10-2059 yang-liu-ict1 has 0 excluded
2019-08-26 19:13:48,733|   DEBUG|author_disambiguation|          _makePairs: Making 62 pairs
2019-08-26 19:13:48,735|   DEBUG|author_disambiguation|          _makePairs: len(excluded)=0
2019-08-26 19:13:48,735|   DEBUG|author_disambiguation|          _makePairs: len(out)=62
2019-08-26 19:13:48,735|   DEBUG|author_disambiguation| _makeAmbiguousPairs: Y10-1009 yang-liu-ict1 has 62 pairs
2019-08-26 19:13:48,736|   DEBUG|author_disambiguation| _makeAmbiguousPairs: Y10-1009 yang-liu-ict1 has 0 excluded
2019-08-26 19:13:48,736|   DEBUG|author_disambiguation|          _makePairs: Making 62 pairs
2019-08-26 19:13:48,738|   DEBUG|author_disambiguation|          _makePairs: len(excluded)=0
2019-08-26 19:13:48,739|   DEBUG|author_disambiguation|          _makePairs: len(out)=62
2019-08-26 19:13:48,739|   DEBUG|author_disambiguation| _makeAmbiguousPairs: P16-1008 yang-liu-ict1 has 62 pairs
2019-08-26 19:13:48,739|   DEBUG|author_disambiguation| _makeAmbiguousPairs: P16-1008 yang-liu-ict1 has 0 excluded
2019-08-26 19:13:48,740|   DEBUG|author_disambiguation|          _makePairs: Making 62 pairs
2019-08-26 19:13:48,742|   DEBUG|author_disambiguation|          _makePairs: len(excluded)=0
2019-08-26 19:13:48,743|   DEBUG|author_disambiguation|          _makePairs: len(out)=62
2019-08-26 19:13:48,743|   DEBUG|author_disambiguation| _makeAmbiguousPairs: P17-1139 yang-liu-ict1 has 62 pairs
2019-08-26 19:13:48,743|   DEBUG|author_disambiguation| _makeAmbiguousPairs: P17-1139 yang-liu-ict1 has 0 excluded
2019-08-26 19:13:48,744|   DEBUG|author_disambiguation|          _makePairs: Making 62 pairs
2019-08-26 19:13:48,746|   DEBUG|author_disambiguation|          _makePairs: len(excluded)=0
2019-08-26 19:13:48,747|   DEBUG|author_disambiguation|          _makePairs: len(out)=62
2019-08-26 19:13:48,747|   DEBUG|author_disambiguation| _makeAmbiguousPairs: W11-1911 yang-liu-ict1 has 62 pairs
2019-08-26 19:13:48,747|   DEBUG|author_disambiguation| _makeAmbiguousPairs: W11-1911 yang-liu-ict1 has 0 excluded
2019-08-26 19:13:48,748|   DEBUG|author_disambiguation|          _makePairs: Making 62 pairs
2019-08-26 19:13:48,754|   DEBUG|author_disambiguation|          _makePairs: len(excluded)=0
2019-08-26 19:13:48,754|   DEBUG|author_disambiguation|          _makePairs: len(out)=62
2019-08-26 19:13:48,754|   DEBUG|author_disambiguation| _makeAmbiguousPairs: C14-1179 yang-liu-ict1 has 62 pairs
2019-08-26 19:13:48,755|   DEBUG|author_disambiguation| _makeAmbiguousPairs: C14-1179 yang-liu-ict1 has 0 excluded
2019-08-26 19:13:48,755|   DEBUG|author_disambiguation|          _makePairs: Making 62 pairs
2019-08-26 19:13:48,757|   DEBUG|author_disambiguation|          _makePairs: len(excluded)=0
2019-08-26 19:13:48,758|   DEBUG|author_disambiguation|          _makePairs: len(out)=62
2019-08-26 19:13:48,758|   DEBUG|author_disambiguation| _makeAmbiguousPairs: P06-1077 yang-liu-ict1 has 62 pairs
2019-08-26 19:13:48,758|   DEBUG|author_disambiguation| _makeAmbiguousPairs: P06-1077 yang-liu-ict1 has 0 excluded
2019-08-26 19:13:48,759|   DEBUG|author_disambiguation|          _makePairs: Making 62 pairs
2019-08-26 19:13:48,761|   DEBUG|author_disambiguation|          _makePairs: len(excluded)=0
2019-08-26 19:13:48,762|   DEBUG|author_disambiguation|          _makePairs: len(out)=62
2019-08-26 19:13:48,762|   DEBUG|author_disambiguation| _makeAmbiguousPairs: D08-1010 yang-liu-ict1 has 62 pairs
2019-08-26 19:13:48,762|   DEBUG|author_disambiguation| _makeAmbiguousPairs: D08-1010 yang-liu-ict1 has 0 excluded
2019-08-26 19:13:48,763|   DEBUG|author_disambiguation|          _makePairs: Making 62 pairs
2019-08-26 19:13:48,765|   DEBUG|author_disambiguation|          _makePairs: len(excluded)=0
2019-08-26 19:13:48,765|   DEBUG|author_disambiguation|          _makePairs: len(out)=62
2019-08-26 19:13:48,765|   DEBUG|author_disambiguation| _makeAmbiguousPairs: P07-1089 yang-liu-ict1 has 62 pairs
2019-08-26 19:13:48,766|   DEBUG|author_disambiguation| _makeAmbiguousPairs: P07-1089 yang-liu-ict1 has 0 excluded
2019-08-26 19:13:48,766|    INFO|author_disambiguation| _makeAmbiguousPairs: Creating pairs for yang-liu-icsi1
2019-08-26 19:13:48,766|   DEBUG|author_disambiguation| _makeAmbiguousPairs: yang-liu-icsi1 has 10 papers
2019-08-26 19:13:48,766|   DEBUG|author_disambiguation| _makeAmbiguousPairs: yang-liu-icsi1 has 62 to check against
2019-08-26 19:13:48,767|   DEBUG|author_disambiguation| _makeAmbiguousPairs: yang-liu-icsi1 has 124 total possible pairs
2019-08-26 19:13:48,767|   DEBUG|author_disambiguation|          _makePairs: Making 62 pairs
2019-08-26 19:13:48,769|   DEBUG|author_disambiguation|          _makePairs: len(excluded)=0
2019-08-26 19:13:48,770|   DEBUG|author_disambiguation|          _makePairs: len(out)=62
2019-08-26 19:13:48,770|   DEBUG|author_disambiguation| _makeAmbiguousPairs: D14-1076 yang-liu-icsi1 has 62 pairs
2019-08-26 19:13:48,770|   DEBUG|author_disambiguation| _makeAmbiguousPairs: D14-1076 yang-liu-icsi1 has 0 excluded
2019-08-26 19:13:48,771|   DEBUG|author_disambiguation|          _makePairs: Making 62 pairs
2019-08-26 19:13:48,774|   DEBUG|author_disambiguation|          _makePairs: len(excluded)=0
2019-08-26 19:13:48,775|   DEBUG|author_disambiguation|          _makePairs: len(out)=62
2019-08-26 19:13:48,775|   DEBUG|author_disambiguation| _makeAmbiguousPairs: W18-5212 yang-liu-icsi1 has 62 pairs
2019-08-26 19:13:48,775|   DEBUG|author_disambiguation| _makeAmbiguousPairs: W18-5212 yang-liu-icsi1 has 0 excluded
2019-08-26 19:13:48,775|   DEBUG|author_disambiguation|          _makePairs: Making 62 pairs
2019-08-26 19:13:48,778|   DEBUG|author_disambiguation|          _makePairs: len(excluded)=0
2019-08-26 19:13:48,778|   DEBUG|author_disambiguation|          _makePairs: len(out)=62
2019-08-26 19:13:48,778|   DEBUG|author_disambiguation| _makeAmbiguousPairs: P11-1034 yang-liu-icsi1 has 62 pairs
2019-08-26 19:13:48,779|   DEBUG|author_disambiguation| _makeAmbiguousPairs: P11-1034 yang-liu-icsi1 has 0 excluded
2019-08-26 19:13:48,779|   DEBUG|author_disambiguation|          _makePairs: Making 62 pairs
2019-08-26 19:13:48,781|   DEBUG|author_disambiguation|          _makePairs: len(excluded)=0
2019-08-26 19:13:48,782|   DEBUG|author_disambiguation|          _makePairs: len(out)=62
2019-08-26 19:13:48,782|   DEBUG|author_disambiguation| _makeAmbiguousPairs: W19-4416 yang-liu-icsi1 has 62 pairs
2019-08-26 19:13:48,782|   DEBUG|author_disambiguation| _makeAmbiguousPairs: W19-4416 yang-liu-icsi1 has 0 excluded
2019-08-26 19:13:48,783|   DEBUG|author_disambiguation|          _makePairs: Making 62 pairs
2019-08-26 19:13:48,785|   DEBUG|author_disambiguation|          _makePairs: len(excluded)=0
2019-08-26 19:13:48,785|   DEBUG|author_disambiguation|          _makePairs: len(out)=62
2019-08-26 19:13:48,786|   DEBUG|author_disambiguation| _makeAmbiguousPairs: N07-2026 yang-liu-icsi1 has 62 pairs
2019-08-26 19:13:48,786|   DEBUG|author_disambiguation| _makeAmbiguousPairs: N07-2026 yang-liu-icsi1 has 0 excluded
2019-08-26 19:13:48,786|   DEBUG|author_disambiguation|          _makePairs: Making 62 pairs
2019-08-26 19:13:48,789|   DEBUG|author_disambiguation|          _makePairs: len(excluded)=0
2019-08-26 19:13:48,789|   DEBUG|author_disambiguation|          _makePairs: len(out)=62
2019-08-26 19:13:48,789|   DEBUG|author_disambiguation| _makeAmbiguousPairs: W11-1411 yang-liu-icsi1 has 62 pairs
2019-08-26 19:13:48,790|   DEBUG|author_disambiguation| _makeAmbiguousPairs: W11-1411 yang-liu-icsi1 has 0 excluded
2019-08-26 19:13:48,790|   DEBUG|author_disambiguation|          _makePairs: Making 62 pairs
2019-08-26 19:13:48,792|   DEBUG|author_disambiguation|          _makePairs: len(excluded)=0
2019-08-26 19:13:48,793|   DEBUG|author_disambiguation|          _makePairs: len(out)=62
2019-08-26 19:13:48,793|   DEBUG|author_disambiguation| _makeAmbiguousPairs: P15-2009 yang-liu-icsi1 has 62 pairs
2019-08-26 19:13:48,793|   DEBUG|author_disambiguation| _makeAmbiguousPairs: P15-2009 yang-liu-icsi1 has 0 excluded
2019-08-26 19:13:48,794|   DEBUG|author_disambiguation|          _makePairs: Making 62 pairs
2019-08-26 19:13:48,796|   DEBUG|author_disambiguation|          _makePairs: len(excluded)=0
2019-08-26 19:13:48,796|   DEBUG|author_disambiguation|          _makePairs: len(out)=62
2019-08-26 19:13:48,797|   DEBUG|author_disambiguation| _makeAmbiguousPairs: W13-1720 yang-liu-icsi1 has 62 pairs
2019-08-26 19:13:48,797|   DEBUG|author_disambiguation| _makeAmbiguousPairs: W13-1720 yang-liu-icsi1 has 0 excluded
2019-08-26 19:13:48,797|   DEBUG|author_disambiguation|          _makePairs: Making 62 pairs
2019-08-26 19:13:48,800|   DEBUG|author_disambiguation|          _makePairs: len(excluded)=0
2019-08-26 19:13:48,800|   DEBUG|author_disambiguation|          _makePairs: len(out)=62
2019-08-26 19:13:48,801|   DEBUG|author_disambiguation| _makeAmbiguousPairs: P14-3012 yang-liu-icsi1 has 62 pairs
2019-08-26 19:13:48,801|   DEBUG|author_disambiguation| _makeAmbiguousPairs: P14-3012 yang-liu-icsi1 has 0 excluded
2019-08-26 19:13:48,801|   DEBUG|author_disambiguation|          _makePairs: Making 62 pairs
2019-08-26 19:13:48,804|   DEBUG|author_disambiguation|          _makePairs: len(excluded)=0
2019-08-26 19:13:48,804|   DEBUG|author_disambiguation|          _makePairs: len(out)=62
2019-08-26 19:13:48,804|   DEBUG|author_disambiguation| _makeAmbiguousPairs: C18-1150 yang-liu-icsi1 has 62 pairs
2019-08-26 19:13:48,805|   DEBUG|author_disambiguation| _makeAmbiguousPairs: C18-1150 yang-liu-icsi1 has 0 excluded
2019-08-26 19:13:48,805|   DEBUG|author_disambiguation|            __call__: Removing excluded
2019-08-26 19:13:48,805|   DEBUG|author_disambiguation|_removeKnownDifferent: Getting all authors who are in excluded
2019-08-26 19:13:48,805|   DEBUG|author_disambiguation|_removeKnownDifferent: Removing pairs that have the excluded authors
2019-08-26 19:13:48,806|    INFO|author_disambiguation|_compareAmbiguousPairs: Comparing all ambiguous pairs
2019-08-26 19:13:48,833|   DEBUG|author_disambiguation|_compareAmbiguousPairs: Using 4 cores
2019-08-26 19:13:53,133|    INFO|author_disambiguation| _consolidateResults: Consolidating Compare results
2019-08-26 19:13:53,137|   DEBUG|author_disambiguation| _consolidateResults: Converting to np arrays
2019-08-26 19:13:53,138|   DEBUG|author_disambiguation| _consolidateResults: Converting yang-liu-ict1 results
2019-08-26 19:13:53,138|   DEBUG|author_disambiguation| _consolidateResults: Consolidating results from yang-liu-georgetown
2019-08-26 19:13:53,139|   DEBUG|author_disambiguation| _consolidateResults: Consolidating results from yang-liu-edinburgh
2019-08-26 19:13:53,139|   DEBUG|author_disambiguation| _consolidateResults: Consolidating results from yang-liu-ict
2019-08-26 19:13:53,140|   DEBUG|author_disambiguation| _consolidateResults: Consolidating results from yang-liu
2019-08-26 19:13:53,140|   DEBUG|author_disambiguation| _consolidateResults: Consolidating results from yang-liu-icsi
2019-08-26 19:13:53,141|   DEBUG|author_disambiguation| _consolidateResults: Consolidating results from yang-li
2019-08-26 19:13:53,141|   DEBUG|author_disambiguation| _consolidateResults: Converting yang-liu-icsi1 results
2019-08-26 19:13:53,141|   DEBUG|author_disambiguation| _consolidateResults: Consolidating results from yang-liu-georgetown
2019-08-26 19:13:53,142|   DEBUG|author_disambiguation| _consolidateResults: Consolidating results from yang-liu-edinburgh
2019-08-26 19:13:53,142|   DEBUG|author_disambiguation| _consolidateResults: Consolidating results from yang-liu-ict
2019-08-26 19:13:53,143|   DEBUG|author_disambiguation| _consolidateResults: Consolidating results from yang-liu
2019-08-26 19:13:53,143|   DEBUG|author_disambiguation| _consolidateResults: Consolidating results from yang-liu-icsi
2019-08-26 19:13:53,143|   DEBUG|author_disambiguation| _consolidateResults: Consolidating results from yang-li
2019-08-26 19:13:53,144|    INFO|author_disambiguation|    _makePredictions: Predicting same authors
2019-08-26 19:13:53,145|    INFO|author_disambiguation|    _makePredictions: Predicting same authors to yang-liu-ict1
2019-08-26 19:13:53,146|   DEBUG|author_disambiguation|    _makePredictions: Making predictions for yang-liu-georgetown
2019-08-26 19:13:53,244| WARNING|author_disambiguation|    _makePredictions: Could not get probabilities for yang-liu-ict1 - yang-liu-georgetown 
2019-08-26 19:13:53,245|   DEBUG|author_disambiguation|    _makePredictions: Making predictions for yang-liu-edinburgh
2019-08-26 19:13:53,348| WARNING|author_disambiguation|    _makePredictions: Could not get probabilities for yang-liu-ict1 - yang-liu-edinburgh 
2019-08-26 19:13:53,348|   DEBUG|author_disambiguation|    _makePredictions: Making predictions for yang-liu-ict
2019-08-26 19:13:53,953| WARNING|author_disambiguation|    _makePredictions: Could not get probabilities for yang-liu-ict1 - yang-liu-ict 
2019-08-26 19:13:53,954|   DEBUG|author_disambiguation|    _makePredictions: Making predictions for yang-liu
2019-08-26 19:13:54,061| WARNING|author_disambiguation|    _makePredictions: Could not get probabilities for yang-liu-ict1 - yang-liu 
2019-08-26 19:13:54,061|   DEBUG|author_disambiguation|    _makePredictions: Making predictions for yang-liu-icsi
2019-08-26 19:13:54,743| WARNING|author_disambiguation|    _makePredictions: Could not get probabilities for yang-liu-ict1 - yang-liu-icsi 
2019-08-26 19:13:54,743|   DEBUG|author_disambiguation|    _makePredictions: Making predictions for yang-li
2019-08-26 19:13:54,831| WARNING|author_disambiguation|    _makePredictions: Could not get probabilities for yang-liu-ict1 - yang-li 
2019-08-26 19:13:54,831|    INFO|author_disambiguation|    _makePredictions: Predicting same authors to yang-liu-icsi1
2019-08-26 19:13:54,832|   DEBUG|author_disambiguation|    _makePredictions: Making predictions for yang-liu-georgetown
2019-08-26 19:13:54,900| WARNING|author_disambiguation|    _makePredictions: Could not get probabilities for yang-liu-icsi1 - yang-liu-georgetown 
2019-08-26 19:13:54,900|   DEBUG|author_disambiguation|    _makePredictions: Making predictions for yang-liu-edinburgh
2019-08-26 19:13:54,978| WARNING|author_disambiguation|    _makePredictions: Could not get probabilities for yang-liu-icsi1 - yang-liu-edinburgh 
2019-08-26 19:13:54,978|   DEBUG|author_disambiguation|    _makePredictions: Making predictions for yang-liu-ict
2019-08-26 19:13:55,485| WARNING|author_disambiguation|    _makePredictions: Could not get probabilities for yang-liu-icsi1 - yang-liu-ict 
2019-08-26 19:13:55,486|   DEBUG|author_disambiguation|    _makePredictions: Making predictions for yang-liu
2019-08-26 19:13:55,552| WARNING|author_disambiguation|    _makePredictions: Could not get probabilities for yang-liu-icsi1 - yang-liu 
2019-08-26 19:13:55,552|   DEBUG|author_disambiguation|    _makePredictions: Making predictions for yang-liu-icsi
2019-08-26 19:13:56,016| WARNING|author_disambiguation|    _makePredictions: Could not get probabilities for yang-liu-icsi1 - yang-liu-icsi 
2019-08-26 19:13:56,016|   DEBUG|author_disambiguation|    _makePredictions: Making predictions for yang-li
2019-08-26 19:13:56,087| WARNING|author_disambiguation|    _makePredictions: Could not get probabilities for yang-liu-icsi1 - yang-li 
2019-08-26 19:13:56,088|    INFO|author_disambiguation|            __call__: Determining the correct author
2019-08-26 19:14:57,360|   DEBUG|author_disambiguation|            __init__: AuthorDisambiguation initialized with arguments:
2019-08-26 19:14:57,360|   DEBUG|author_disambiguation|            __init__: 	compare_args=['company_corpus', 'department_corpus', 'threshold', 'str_algorithm']
2019-08-26 19:14:57,361|   DEBUG|author_disambiguation|            __init__: 	algorithm=jaro
2019-08-26 19:14:57,361|   DEBUG|author_disambiguation|            __init__: 	measure=similarity
2019-08-26 19:14:57,361|   DEBUG|author_disambiguation|            __init__: 	threshold=0.75
2019-08-26 19:14:57,361|   DEBUG|author_disambiguation|            __init__: 	name_similarity_cutoff=0.9
2019-08-26 19:14:57,361|   DEBUG|author_disambiguation|            __init__: 	unique authors=15377
2019-08-26 19:14:57,361|   DEBUG|author_disambiguation|            __init__: 	compare_cutoff=3
2019-08-26 19:14:57,361|   DEBUG|author_disambiguation|            __init__: 	tie_breaker=max
2019-08-26 19:14:57,361|   DEBUG|author_disambiguation|            __init__: 	sim_overrides=False
2019-08-26 19:14:57,361|   DEBUG|author_disambiguation|            __init__: 	same_paper_diff_people=True
2019-08-26 19:14:57,361|   DEBUG|author_disambiguation|            __init__: 	use_probabilities=False
2019-08-26 19:14:57,361|   DEBUG|author_disambiguation|            __call__: __call__ called with arguments: 
2019-08-26 19:14:57,361|   DEBUG|author_disambiguation|            __call__: 	len(target_authors)=2
2019-08-26 19:14:57,361|   DEBUG|author_disambiguation|            __call__: 	len(override_authors)=2
2019-08-26 19:14:57,362|    INFO|author_disambiguation|            __call__: Starting Disambiguation
2019-08-26 19:14:57,362|   DEBUG|author_disambiguation| _errorCheckCallArgs: Checking target_authors and override_authors for errors
2019-08-26 19:14:57,362|   DEBUG|author_disambiguation| _errorCheckCallArgs: yang-liu-ict1 is in override_authors, adding to has_authors
2019-08-26 19:14:57,362|   DEBUG|author_disambiguation| _errorCheckCallArgs: yang-liu-icsi1 is in override_authors, adding to has_authors
2019-08-26 19:14:57,362|   DEBUG|author_disambiguation|            __call__: 0 authors had no similar authors
2019-08-26 19:14:57,362|    INFO|author_disambiguation| _makeAmbiguousPairs: Creating pairs for ambiguous authors
2019-08-26 19:14:57,362|    INFO|author_disambiguation|     _getAuthorInfos: Getting author info for specified authors
2019-08-26 19:14:57,362|   DEBUG|author_disambiguation|     _getAuthorInfos: authors=['yang-liu-georgetown', 'yang-liu-icsi', 'yang-liu-ict', 'yang-liu', 'yang-liu-edinburgh', 'yang-li']
2019-08-26 19:14:57,368|   DEBUG|author_disambiguation|     _getAuthorInfos: len(out)=62
2019-08-26 19:14:57,368|   DEBUG|author_disambiguation|     _getAuthorInfos: error_authors=0
2019-08-26 19:14:57,368|   DEBUG|author_disambiguation|     _getAuthorInfos: error_papers=0
2019-08-26 19:14:57,368|   DEBUG|author_disambiguation| _makeAmbiguousPairs: 62 known papers
2019-08-26 19:14:57,368|   DEBUG|author_disambiguation| _makeAmbiguousPairs: 2 ambiguous author ids
2019-08-26 19:14:57,368|    INFO|author_disambiguation| _makeAmbiguousPairs: Creating pairs for yang-liu-ict1
2019-08-26 19:14:57,368|   DEBUG|author_disambiguation| _makeAmbiguousPairs: yang-liu-ict1 has 13 papers
2019-08-26 19:14:57,368|   DEBUG|author_disambiguation| _makeAmbiguousPairs: yang-liu-ict1 has 62 to check against
2019-08-26 19:14:57,368|   DEBUG|author_disambiguation| _makeAmbiguousPairs: yang-liu-ict1 has 124 total possible pairs
2019-08-26 19:14:57,369|   DEBUG|author_disambiguation|          _makePairs: Making 62 pairs
2019-08-26 19:14:57,370|   DEBUG|author_disambiguation|          _makePairs: len(excluded)=0
2019-08-26 19:14:57,370|   DEBUG|author_disambiguation|          _makePairs: len(out)=62
2019-08-26 19:14:57,370|   DEBUG|author_disambiguation| _makeAmbiguousPairs: D17-1207 yang-liu-ict1 has 62 pairs
2019-08-26 19:14:57,370|   DEBUG|author_disambiguation| _makeAmbiguousPairs: D17-1207 yang-liu-ict1 has 0 excluded
2019-08-26 19:14:57,370|   DEBUG|author_disambiguation|          _makePairs: Making 62 pairs
2019-08-26 19:14:57,371|   DEBUG|author_disambiguation|          _makePairs: len(excluded)=0
2019-08-26 19:14:57,371|   DEBUG|author_disambiguation|          _makePairs: len(out)=62
2019-08-26 19:14:57,371|   DEBUG|author_disambiguation| _makeAmbiguousPairs: D15-1210 yang-liu-ict1 has 62 pairs
2019-08-26 19:14:57,371|   DEBUG|author_disambiguation| _makeAmbiguousPairs: D15-1210 yang-liu-ict1 has 0 excluded
2019-08-26 19:14:57,372|   DEBUG|author_disambiguation|          _makePairs: Making 62 pairs
2019-08-26 19:14:57,373|   DEBUG|author_disambiguation|          _makePairs: len(excluded)=0
2019-08-26 19:14:57,373|   DEBUG|author_disambiguation|          _makePairs: len(out)=62
2019-08-26 19:14:57,373|   DEBUG|author_disambiguation| _makeAmbiguousPairs: P16-1159 yang-liu-ict1 has 62 pairs
2019-08-26 19:14:57,373|   DEBUG|author_disambiguation| _makeAmbiguousPairs: P16-1159 yang-liu-ict1 has 0 excluded
2019-08-26 19:14:57,373|   DEBUG|author_disambiguation|          _makePairs: Making 62 pairs
2019-08-26 19:14:57,374|   DEBUG|author_disambiguation|          _makePairs: len(excluded)=0
2019-08-26 19:14:57,374|   DEBUG|author_disambiguation|          _makePairs: len(out)=62
2019-08-26 19:14:57,374|   DEBUG|author_disambiguation| _makeAmbiguousPairs: P17-1106 yang-liu-ict1 has 62 pairs
2019-08-26 19:14:57,374|   DEBUG|author_disambiguation| _makeAmbiguousPairs: P17-1106 yang-liu-ict1 has 0 excluded
2019-08-26 19:14:57,374|   DEBUG|author_disambiguation|          _makePairs: Making 62 pairs
2019-08-26 19:14:57,375|   DEBUG|author_disambiguation|          _makePairs: len(excluded)=0
2019-08-26 19:14:57,375|   DEBUG|author_disambiguation|          _makePairs: len(out)=62
2019-08-26 19:14:57,375|   DEBUG|author_disambiguation| _makeAmbiguousPairs: C10-2059 yang-liu-ict1 has 62 pairs
2019-08-26 19:14:57,375|   DEBUG|author_disambiguation| _makeAmbiguousPairs: C10-2059 yang-liu-ict1 has 0 excluded
2019-08-26 19:14:57,376|   DEBUG|author_disambiguation|          _makePairs: Making 62 pairs
2019-08-26 19:14:57,376|   DEBUG|author_disambiguation|          _makePairs: len(excluded)=0
2019-08-26 19:14:57,376|   DEBUG|author_disambiguation|          _makePairs: len(out)=62
2019-08-26 19:14:57,377|   DEBUG|author_disambiguation| _makeAmbiguousPairs: Y10-1009 yang-liu-ict1 has 62 pairs
2019-08-26 19:14:57,377|   DEBUG|author_disambiguation| _makeAmbiguousPairs: Y10-1009 yang-liu-ict1 has 0 excluded
2019-08-26 19:14:57,377|   DEBUG|author_disambiguation|          _makePairs: Making 62 pairs
2019-08-26 19:14:57,378|   DEBUG|author_disambiguation|          _makePairs: len(excluded)=0
2019-08-26 19:14:57,378|   DEBUG|author_disambiguation|          _makePairs: len(out)=62
2019-08-26 19:14:57,378|   DEBUG|author_disambiguation| _makeAmbiguousPairs: P16-1008 yang-liu-ict1 has 62 pairs
2019-08-26 19:14:57,378|   DEBUG|author_disambiguation| _makeAmbiguousPairs: P16-1008 yang-liu-ict1 has 0 excluded
2019-08-26 19:14:57,378|   DEBUG|author_disambiguation|          _makePairs: Making 62 pairs
2019-08-26 19:14:57,380|   DEBUG|author_disambiguation|          _makePairs: len(excluded)=0
2019-08-26 19:14:57,380|   DEBUG|author_disambiguation|          _makePairs: len(out)=62
2019-08-26 19:14:57,380|   DEBUG|author_disambiguation| _makeAmbiguousPairs: P17-1139 yang-liu-ict1 has 62 pairs
2019-08-26 19:14:57,380|   DEBUG|author_disambiguation| _makeAmbiguousPairs: P17-1139 yang-liu-ict1 has 0 excluded
2019-08-26 19:14:57,380|   DEBUG|author_disambiguation|          _makePairs: Making 62 pairs
2019-08-26 19:14:57,382|   DEBUG|author_disambiguation|          _makePairs: len(excluded)=0
2019-08-26 19:14:57,382|   DEBUG|author_disambiguation|          _makePairs: len(out)=62
2019-08-26 19:14:57,382|   DEBUG|author_disambiguation| _makeAmbiguousPairs: W11-1911 yang-liu-ict1 has 62 pairs
2019-08-26 19:14:57,382|   DEBUG|author_disambiguation| _makeAmbiguousPairs: W11-1911 yang-liu-ict1 has 0 excluded
2019-08-26 19:14:57,383|   DEBUG|author_disambiguation|          _makePairs: Making 62 pairs
2019-08-26 19:14:57,383|   DEBUG|author_disambiguation|          _makePairs: len(excluded)=0
2019-08-26 19:14:57,384|   DEBUG|author_disambiguation|          _makePairs: len(out)=62
2019-08-26 19:14:57,384|   DEBUG|author_disambiguation| _makeAmbiguousPairs: C14-1179 yang-liu-ict1 has 62 pairs
2019-08-26 19:14:57,384|   DEBUG|author_disambiguation| _makeAmbiguousPairs: C14-1179 yang-liu-ict1 has 0 excluded
2019-08-26 19:14:57,384|   DEBUG|author_disambiguation|          _makePairs: Making 62 pairs
2019-08-26 19:14:57,385|   DEBUG|author_disambiguation|          _makePairs: len(excluded)=0
2019-08-26 19:14:57,385|   DEBUG|author_disambiguation|          _makePairs: len(out)=62
2019-08-26 19:14:57,385|   DEBUG|author_disambiguation| _makeAmbiguousPairs: P06-1077 yang-liu-ict1 has 62 pairs
2019-08-26 19:14:57,385|   DEBUG|author_disambiguation| _makeAmbiguousPairs: P06-1077 yang-liu-ict1 has 0 excluded
2019-08-26 19:14:57,385|   DEBUG|author_disambiguation|          _makePairs: Making 62 pairs
2019-08-26 19:14:57,386|   DEBUG|author_disambiguation|          _makePairs: len(excluded)=0
2019-08-26 19:14:57,386|   DEBUG|author_disambiguation|          _makePairs: len(out)=62
2019-08-26 19:14:57,386|   DEBUG|author_disambiguation| _makeAmbiguousPairs: D08-1010 yang-liu-ict1 has 62 pairs
2019-08-26 19:14:57,386|   DEBUG|author_disambiguation| _makeAmbiguousPairs: D08-1010 yang-liu-ict1 has 0 excluded
2019-08-26 19:14:57,386|   DEBUG|author_disambiguation|          _makePairs: Making 62 pairs
2019-08-26 19:14:57,387|   DEBUG|author_disambiguation|          _makePairs: len(excluded)=0
2019-08-26 19:14:57,387|   DEBUG|author_disambiguation|          _makePairs: len(out)=62
2019-08-26 19:14:57,387|   DEBUG|author_disambiguation| _makeAmbiguousPairs: P07-1089 yang-liu-ict1 has 62 pairs
2019-08-26 19:14:57,387|   DEBUG|author_disambiguation| _makeAmbiguousPairs: P07-1089 yang-liu-ict1 has 0 excluded
2019-08-26 19:14:57,387|    INFO|author_disambiguation| _makeAmbiguousPairs: Creating pairs for yang-liu-icsi1
2019-08-26 19:14:57,387|   DEBUG|author_disambiguation| _makeAmbiguousPairs: yang-liu-icsi1 has 10 papers
2019-08-26 19:14:57,387|   DEBUG|author_disambiguation| _makeAmbiguousPairs: yang-liu-icsi1 has 62 to check against
2019-08-26 19:14:57,388|   DEBUG|author_disambiguation| _makeAmbiguousPairs: yang-liu-icsi1 has 124 total possible pairs
2019-08-26 19:14:57,388|   DEBUG|author_disambiguation|          _makePairs: Making 62 pairs
2019-08-26 19:14:57,389|   DEBUG|author_disambiguation|          _makePairs: len(excluded)=0
2019-08-26 19:14:57,389|   DEBUG|author_disambiguation|          _makePairs: len(out)=62
2019-08-26 19:14:57,389|   DEBUG|author_disambiguation| _makeAmbiguousPairs: D14-1076 yang-liu-icsi1 has 62 pairs
2019-08-26 19:14:57,389|   DEBUG|author_disambiguation| _makeAmbiguousPairs: D14-1076 yang-liu-icsi1 has 0 excluded
2019-08-26 19:14:57,389|   DEBUG|author_disambiguation|          _makePairs: Making 62 pairs
2019-08-26 19:14:57,390|   DEBUG|author_disambiguation|          _makePairs: len(excluded)=0
2019-08-26 19:14:57,390|   DEBUG|author_disambiguation|          _makePairs: len(out)=62
2019-08-26 19:14:57,390|   DEBUG|author_disambiguation| _makeAmbiguousPairs: W18-5212 yang-liu-icsi1 has 62 pairs
2019-08-26 19:14:57,390|   DEBUG|author_disambiguation| _makeAmbiguousPairs: W18-5212 yang-liu-icsi1 has 0 excluded
2019-08-26 19:14:57,390|   DEBUG|author_disambiguation|          _makePairs: Making 62 pairs
2019-08-26 19:14:57,391|   DEBUG|author_disambiguation|          _makePairs: len(excluded)=0
2019-08-26 19:14:57,391|   DEBUG|author_disambiguation|          _makePairs: len(out)=62
2019-08-26 19:14:57,391|   DEBUG|author_disambiguation| _makeAmbiguousPairs: P11-1034 yang-liu-icsi1 has 62 pairs
2019-08-26 19:14:57,392|   DEBUG|author_disambiguation| _makeAmbiguousPairs: P11-1034 yang-liu-icsi1 has 0 excluded
2019-08-26 19:14:57,392|   DEBUG|author_disambiguation|          _makePairs: Making 62 pairs
2019-08-26 19:14:57,393|   DEBUG|author_disambiguation|          _makePairs: len(excluded)=0
2019-08-26 19:14:57,393|   DEBUG|author_disambiguation|          _makePairs: len(out)=62
2019-08-26 19:14:57,393|   DEBUG|author_disambiguation| _makeAmbiguousPairs: W19-4416 yang-liu-icsi1 has 62 pairs
2019-08-26 19:14:57,393|   DEBUG|author_disambiguation| _makeAmbiguousPairs: W19-4416 yang-liu-icsi1 has 0 excluded
2019-08-26 19:14:57,393|   DEBUG|author_disambiguation|          _makePairs: Making 62 pairs
2019-08-26 19:14:57,394|   DEBUG|author_disambiguation|          _makePairs: len(excluded)=0
2019-08-26 19:14:57,394|   DEBUG|author_disambiguation|          _makePairs: len(out)=62
2019-08-26 19:14:57,394|   DEBUG|author_disambiguation| _makeAmbiguousPairs: N07-2026 yang-liu-icsi1 has 62 pairs
2019-08-26 19:14:57,394|   DEBUG|author_disambiguation| _makeAmbiguousPairs: N07-2026 yang-liu-icsi1 has 0 excluded
2019-08-26 19:14:57,394|   DEBUG|author_disambiguation|          _makePairs: Making 62 pairs
2019-08-26 19:14:57,395|   DEBUG|author_disambiguation|          _makePairs: len(excluded)=0
2019-08-26 19:14:57,395|   DEBUG|author_disambiguation|          _makePairs: len(out)=62
2019-08-26 19:14:57,395|   DEBUG|author_disambiguation| _makeAmbiguousPairs: W11-1411 yang-liu-icsi1 has 62 pairs
2019-08-26 19:14:57,395|   DEBUG|author_disambiguation| _makeAmbiguousPairs: W11-1411 yang-liu-icsi1 has 0 excluded
2019-08-26 19:14:57,395|   DEBUG|author_disambiguation|          _makePairs: Making 62 pairs
2019-08-26 19:14:57,396|   DEBUG|author_disambiguation|          _makePairs: len(excluded)=0
2019-08-26 19:14:57,396|   DEBUG|author_disambiguation|          _makePairs: len(out)=62
2019-08-26 19:14:57,396|   DEBUG|author_disambiguation| _makeAmbiguousPairs: P15-2009 yang-liu-icsi1 has 62 pairs
2019-08-26 19:14:57,396|   DEBUG|author_disambiguation| _makeAmbiguousPairs: P15-2009 yang-liu-icsi1 has 0 excluded
2019-08-26 19:14:57,397|   DEBUG|author_disambiguation|          _makePairs: Making 62 pairs
2019-08-26 19:14:57,398|   DEBUG|author_disambiguation|          _makePairs: len(excluded)=0
2019-08-26 19:14:57,398|   DEBUG|author_disambiguation|          _makePairs: len(out)=62
2019-08-26 19:14:57,398|   DEBUG|author_disambiguation| _makeAmbiguousPairs: W13-1720 yang-liu-icsi1 has 62 pairs
2019-08-26 19:14:57,398|   DEBUG|author_disambiguation| _makeAmbiguousPairs: W13-1720 yang-liu-icsi1 has 0 excluded
2019-08-26 19:14:57,398|   DEBUG|author_disambiguation|          _makePairs: Making 62 pairs
2019-08-26 19:14:57,399|   DEBUG|author_disambiguation|          _makePairs: len(excluded)=0
2019-08-26 19:14:57,399|   DEBUG|author_disambiguation|          _makePairs: len(out)=62
2019-08-26 19:14:57,399|   DEBUG|author_disambiguation| _makeAmbiguousPairs: P14-3012 yang-liu-icsi1 has 62 pairs
2019-08-26 19:14:57,399|   DEBUG|author_disambiguation| _makeAmbiguousPairs: P14-3012 yang-liu-icsi1 has 0 excluded
2019-08-26 19:14:57,399|   DEBUG|author_disambiguation|          _makePairs: Making 62 pairs
2019-08-26 19:14:57,400|   DEBUG|author_disambiguation|          _makePairs: len(excluded)=0
2019-08-26 19:14:57,400|   DEBUG|author_disambiguation|          _makePairs: len(out)=62
2019-08-26 19:14:57,400|   DEBUG|author_disambiguation| _makeAmbiguousPairs: C18-1150 yang-liu-icsi1 has 62 pairs
2019-08-26 19:14:57,400|   DEBUG|author_disambiguation| _makeAmbiguousPairs: C18-1150 yang-liu-icsi1 has 0 excluded
2019-08-26 19:14:57,400|   DEBUG|author_disambiguation|            __call__: Removing excluded
2019-08-26 19:14:57,400|   DEBUG|author_disambiguation|_removeKnownDifferent: Getting all authors who are in excluded
2019-08-26 19:14:57,400|   DEBUG|author_disambiguation|_removeKnownDifferent: Removing pairs that have the excluded authors
2019-08-26 19:14:57,400|    INFO|author_disambiguation|_compareAmbiguousPairs: Comparing all ambiguous pairs
2019-08-26 19:14:57,424|   DEBUG|author_disambiguation|_compareAmbiguousPairs: Using 4 cores
2019-08-26 19:15:00,038|    INFO|author_disambiguation| _consolidateResults: Consolidating Compare results
2019-08-26 19:15:00,039|   DEBUG|author_disambiguation| _consolidateResults: Converting to np arrays
2019-08-26 19:15:00,039|   DEBUG|author_disambiguation| _consolidateResults: Converting yang-liu-ict1 results
2019-08-26 19:15:00,039|   DEBUG|author_disambiguation| _consolidateResults: Consolidating results from yang-liu-georgetown
2019-08-26 19:15:00,039|   DEBUG|author_disambiguation| _consolidateResults: Consolidating results from yang-liu-edinburgh
2019-08-26 19:15:00,039|   DEBUG|author_disambiguation| _consolidateResults: Consolidating results from yang-liu-ict
2019-08-26 19:15:00,039|   DEBUG|author_disambiguation| _consolidateResults: Consolidating results from yang-liu
2019-08-26 19:15:00,040|   DEBUG|author_disambiguation| _consolidateResults: Consolidating results from yang-liu-icsi
2019-08-26 19:15:00,040|   DEBUG|author_disambiguation| _consolidateResults: Consolidating results from yang-li
2019-08-26 19:15:00,040|   DEBUG|author_disambiguation| _consolidateResults: Converting yang-liu-icsi1 results
2019-08-26 19:15:00,040|   DEBUG|author_disambiguation| _consolidateResults: Consolidating results from yang-liu-georgetown
2019-08-26 19:15:00,040|   DEBUG|author_disambiguation| _consolidateResults: Consolidating results from yang-liu-edinburgh
2019-08-26 19:15:00,040|   DEBUG|author_disambiguation| _consolidateResults: Consolidating results from yang-liu-ict
2019-08-26 19:15:00,041|   DEBUG|author_disambiguation| _consolidateResults: Consolidating results from yang-liu
2019-08-26 19:15:00,041|   DEBUG|author_disambiguation| _consolidateResults: Consolidating results from yang-liu-icsi
2019-08-26 19:15:00,041|   DEBUG|author_disambiguation| _consolidateResults: Consolidating results from yang-li
2019-08-26 19:15:00,042|    INFO|author_disambiguation|    _makePredictions: Predicting same authors
2019-08-26 19:15:00,042|    INFO|author_disambiguation|    _makePredictions: Predicting same authors to yang-liu-ict1
2019-08-26 19:15:00,042|   DEBUG|author_disambiguation|    _makePredictions: Making predictions for yang-liu-georgetown
2019-08-26 19:15:00,134| WARNING|author_disambiguation|    _makePredictions: Could not get probabilities for yang-liu-ict1 - yang-liu-georgetown 
2019-08-26 19:15:00,134|   DEBUG|author_disambiguation|    _makePredictions: Making predictions for yang-liu-edinburgh
2019-08-26 19:15:00,241| WARNING|author_disambiguation|    _makePredictions: Could not get probabilities for yang-liu-ict1 - yang-liu-edinburgh 
2019-08-26 19:15:00,241|   DEBUG|author_disambiguation|    _makePredictions: Making predictions for yang-liu-ict
2019-08-26 19:15:00,815| WARNING|author_disambiguation|    _makePredictions: Could not get probabilities for yang-liu-ict1 - yang-liu-ict 
2019-08-26 19:15:00,816|   DEBUG|author_disambiguation|    _makePredictions: Making predictions for yang-liu
2019-08-26 19:15:00,909| WARNING|author_disambiguation|    _makePredictions: Could not get probabilities for yang-liu-ict1 - yang-liu 
2019-08-26 19:15:00,909|   DEBUG|author_disambiguation|    _makePredictions: Making predictions for yang-liu-icsi
2019-08-26 19:15:01,474| WARNING|author_disambiguation|    _makePredictions: Could not get probabilities for yang-liu-ict1 - yang-liu-icsi 
2019-08-26 19:15:01,474|   DEBUG|author_disambiguation|    _makePredictions: Making predictions for yang-li
2019-08-26 19:15:01,545| WARNING|author_disambiguation|    _makePredictions: Could not get probabilities for yang-liu-ict1 - yang-li 
2019-08-26 19:15:01,545|    INFO|author_disambiguation|    _makePredictions: Predicting same authors to yang-liu-icsi1
2019-08-26 19:15:01,545|   DEBUG|author_disambiguation|    _makePredictions: Making predictions for yang-liu-georgetown
2019-08-26 19:15:01,597| WARNING|author_disambiguation|    _makePredictions: Could not get probabilities for yang-liu-icsi1 - yang-liu-georgetown 
2019-08-26 19:15:01,597|   DEBUG|author_disambiguation|    _makePredictions: Making predictions for yang-liu-edinburgh
2019-08-26 19:15:01,651| WARNING|author_disambiguation|    _makePredictions: Could not get probabilities for yang-liu-icsi1 - yang-liu-edinburgh 
2019-08-26 19:15:01,651|   DEBUG|author_disambiguation|    _makePredictions: Making predictions for yang-liu-ict
2019-08-26 19:15:02,106| WARNING|author_disambiguation|    _makePredictions: Could not get probabilities for yang-liu-icsi1 - yang-liu-ict 
2019-08-26 19:15:02,107|   DEBUG|author_disambiguation|    _makePredictions: Making predictions for yang-liu
2019-08-26 19:15:02,157| WARNING|author_disambiguation|    _makePredictions: Could not get probabilities for yang-liu-icsi1 - yang-liu 
2019-08-26 19:15:02,157|   DEBUG|author_disambiguation|    _makePredictions: Making predictions for yang-liu-icsi
2019-08-26 19:15:02,580| WARNING|author_disambiguation|    _makePredictions: Could not get probabilities for yang-liu-icsi1 - yang-liu-icsi 
2019-08-26 19:15:02,580|   DEBUG|author_disambiguation|    _makePredictions: Making predictions for yang-li
2019-08-26 19:15:02,635| WARNING|author_disambiguation|    _makePredictions: Could not get probabilities for yang-liu-icsi1 - yang-li 
2019-08-26 19:15:02,635|    INFO|author_disambiguation|            __call__: Determining the correct author
2019-08-26 19:15:02,635|   DEBUG|author_disambiguation|            __call__: {}
2019-08-26 19:15:02,636|   DEBUG|author_disambiguation|_determineCorrectAuthor: len(model_results)=2
